# Logfile created on 2015-12-28 15:45:41 -0500 by logger.rb/47272
2015-12-28T20:45:45.043Z 17233 TID-5lvvc INFO: [Sidetiq] Sidetiq v0.6.1 - Copyright (c) 2012-2013, Tobias Svensson <tob@tobiassvensson.co.uk>
2015-12-28T20:45:45.044Z 17233 TID-5lvvc INFO: [Sidetiq] Sidetiq is covered by the 3-clause BSD license.
2015-12-28T20:45:45.044Z 17233 TID-5lvvc INFO: [Sidetiq] See LICENSE and http://opensource.org/licenses/BSD-3-Clause for licensing details.
2015-12-28T20:45:45.044Z 17233 TID-5lvvc INFO: [Sidetiq] Sidetiq::Supervisor start
2015-12-28T20:45:45.049Z 17233 TID-m3hi0 INFO: [Sidetiq] Sidetiq::Actor::Clock id: 37116380 initialize
2015-12-28T20:45:45.058Z 17233 TID-m2zzg INFO: [Sidetiq] Sidetiq::Actor::Handler id: 37096440 initialize
2015-12-28T20:45:45.059Z 17233 TID-m2vhs INFO: [Sidetiq] Sidetiq::Actor::Handler id: 37087860 initialize
2015-12-28T20:45:46.752Z 17233 TID-5lvvc INFO: Booting Sidekiq 3.3.0 with redis options {}
2015-12-28T20:45:47.046Z 17233 TID-5lvvc INFO: Running in ruby 2.2.0p0 (2014-12-25 revision 49005) [x86_64-linux]
2015-12-28T20:45:47.046Z 17233 TID-5lvvc INFO: See LICENSE and the LGPL-3.0 for licensing details.
2015-12-28T20:45:47.047Z 17233 TID-5lvvc INFO: Upgrade to Sidekiq Pro for more features and support: http://sidekiq.org/pro
2015-12-28T20:45:47.047Z 17233 TID-5lvvc INFO: Starting processing, hit Ctrl-C to stop
2015-12-28T20:45:47.059Z 17233 TID-m2zzg INFO: [Sidetiq] Enqueue: FeaturedListBuilder (at: 1451335680.0) (last: -1.0)
2015-12-28T20:48:00.108Z 17233 TID-m2vhs INFO: [Sidetiq] Enqueue: FeaturedListBuilder (at: 1451335860.0) (last: 1451335680.0)
2015-12-28T20:50:02.164Z 17233 TID-m4fyk WARN: {"retry"=>true, "queue"=>"default", "class"=>"CalendarScaper", "args"=>[], "jid"=>"1dd7bae93f0d065ccfa502f7", "enqueued_at"=>1451335500.9378347}
2015-12-28T20:50:02.164Z 17233 TID-m4fyk WARN: uninitialized constant CalendarScaper
2015-12-28T20:50:02.164Z 17233 TID-m4fyk WARN: /home/itsatrap/.rvm/gems/ruby-2.2.0/gems/activesupport-4.1.8/lib/active_support/inflector/methods.rb:238:in `const_get'
/home/itsatrap/.rvm/gems/ruby-2.2.0/gems/activesupport-4.1.8/lib/active_support/inflector/methods.rb:238:in `block in constantize'
/home/itsatrap/.rvm/gems/ruby-2.2.0/gems/activesupport-4.1.8/lib/active_support/inflector/methods.rb:236:in `each'
/home/itsatrap/.rvm/gems/ruby-2.2.0/gems/activesupport-4.1.8/lib/active_support/inflector/methods.rb:236:in `inject'
/home/itsatrap/.rvm/gems/ruby-2.2.0/gems/activesupport-4.1.8/lib/active_support/inflector/methods.rb:236:in `constantize'
/home/itsatrap/.rvm/gems/ruby-2.2.0/gems/activesupport-4.1.8/lib/active_support/core_ext/string/inflections.rb:66:in `constantize'
/home/itsatrap/.rvm/gems/ruby-2.2.0/gems/sidekiq-3.3.0/lib/sidekiq/processor.rb:46:in `process'
/home/itsatrap/.rvm/gems/ruby-2.2.0/gems/celluloid-0.16.0/lib/celluloid/calls.rb:26:in `public_send'
/home/itsatrap/.rvm/gems/ruby-2.2.0/gems/celluloid-0.16.0/lib/celluloid/calls.rb:26:in `dispatch'
/home/itsatrap/.rvm/gems/ruby-2.2.0/gems/celluloid-0.16.0/lib/celluloid/calls.rb:122:in `dispatch'
/home/itsatrap/.rvm/gems/ruby-2.2.0/gems/celluloid-0.16.0/lib/celluloid/cell.rb:60:in `block in invoke'
/home/itsatrap/.rvm/gems/ruby-2.2.0/gems/celluloid-0.16.0/lib/celluloid/cell.rb:71:in `block in task'
/home/itsatrap/.rvm/gems/ruby-2.2.0/gems/celluloid-0.16.0/lib/celluloid/actor.rb:357:in `block in task'
/home/itsatrap/.rvm/gems/ruby-2.2.0/gems/celluloid-0.16.0/lib/celluloid/tasks.rb:57:in `block in initialize'
/home/itsatrap/.rvm/gems/ruby-2.2.0/gems/celluloid-0.16.0/lib/celluloid/tasks/task_fiber.rb:15:in `block in create'
2015-12-28T20:51:00.274Z 17233 TID-m2vhs INFO: [Sidetiq] Enqueue: FeaturedListBuilder (at: 1451336040.0) (last: 1451335860.0)
2015-12-28T20:51:17.848Z 17233 TID-m4fyk FeaturedListBuilder JID-0572c608a43378979d6196b9 INFO: start
2015-12-28T20:51:43.068Z 17233 TID-m4fyk FeaturedListBuilder JID-0572c608a43378979d6196b9 INFO: done: 25.221 sec
2015-12-28T20:54:00.355Z 17233 TID-m2vhs INFO: [Sidetiq] Enqueue: FeaturedListBuilder (at: 1451336220.0) (last: 1451336040.0)
2015-12-28T20:57:00.421Z 17233 TID-m2vhs INFO: [Sidetiq] Enqueue: FeaturedListBuilder (at: 1451336400.0) (last: 1451336220.0)
2015-12-28T20:57:10.764Z 17233 TID-m4fyk FeaturedListBuilder JID-b0b01df9570acb1e0336b7fe INFO: start
2015-12-28T20:57:32.400Z 17233 TID-m4fyk FeaturedListBuilder JID-b0b01df9570acb1e0336b7fe INFO: done: 21.636 sec
2015-12-28T20:58:53.550Z 17233 TID-5lvvc INFO: Shutting down
2015-12-28T20:58:54.049Z 17233 TID-m0zlw INFO: Shutting down 25 quiet workers
2015-12-28T20:58:54.055Z 17233 TID-m2vhs INFO: [Sidetiq] Sidetiq::Actor::Handler id: 37087860 shutting down ...
2015-12-28T20:58:54.055Z 17233 TID-m3hi0 INFO: [Sidetiq] Sidetiq::Actor::Clock id: 37116380 shutting down ...
2015-12-28T20:58:54.056Z 17233 TID-m2zzg INFO: [Sidetiq] Sidetiq::Actor::Handler id: 37096440 shutting down ...
2015-12-28T20:59:16.007Z 18896 TID-91big INFO: [Sidetiq] Sidetiq v0.6.1 - Copyright (c) 2012-2013, Tobias Svensson <tob@tobiassvensson.co.uk>
2015-12-28T20:59:16.007Z 18896 TID-91big INFO: [Sidetiq] Sidetiq is covered by the 3-clause BSD license.
2015-12-28T20:59:16.007Z 18896 TID-91big INFO: [Sidetiq] See LICENSE and http://opensource.org/licenses/BSD-3-Clause for licensing details.
2015-12-28T20:59:16.007Z 18896 TID-91big INFO: [Sidetiq] Sidetiq::Supervisor start
2015-12-28T20:59:16.009Z 18896 TID-pirms INFO: [Sidetiq] Sidetiq::Actor::Clock id: 42868160 initialize
2015-12-28T20:59:16.010Z 18896 TID-pia6g INFO: [Sidetiq] Sidetiq::Actor::Handler id: 42853440 initialize
2015-12-28T20:59:16.010Z 18896 TID-pi5mk INFO: [Sidetiq] Sidetiq::Actor::Handler id: 42839740 initialize
2015-12-28T20:59:16.383Z 18896 TID-91big INFO: Booting Sidekiq 3.3.0 with redis options {}
2015-12-28T20:59:16.513Z 18896 TID-91big INFO: Running in ruby 2.2.0p0 (2014-12-25 revision 49005) [x86_64-linux]
2015-12-28T20:59:16.513Z 18896 TID-91big INFO: See LICENSE and the LGPL-3.0 for licensing details.
2015-12-28T20:59:16.513Z 18896 TID-91big INFO: Upgrade to Sidekiq Pro for more features and support: http://sidekiq.org/pro
2015-12-28T20:59:16.513Z 18896 TID-91big INFO: Starting processing, hit Ctrl-C to stop
2015-12-28T20:59:17.014Z 18896 TID-pia6g INFO: [Sidetiq] Enqueue: FeaturedListBuilder (at: 1451336400.0) (last: -1.0)
2015-12-28T21:00:00.034Z 18896 TID-pi5mk INFO: [Sidetiq] Enqueue: FeaturedListBuilder (at: 1451336460.0) (last: 1451336400.0)
2015-12-28T21:00:04.697Z 18896 TID-pk7rg FeaturedListBuilder JID-2519b441bce7b708c9cc6d08 INFO: start
2015-12-28T21:00:27.046Z 18896 TID-pk7rg FeaturedListBuilder JID-2519b441bce7b708c9cc6d08 INFO: done: 22.349 sec
2015-12-28T21:01:00.068Z 18896 TID-pi5mk INFO: [Sidetiq] Enqueue: FeaturedListBuilder (at: 1451336520.0) (last: 1451336460.0)
2015-12-28T21:01:07.866Z 18896 TID-pk7rg FeaturedListBuilder JID-aff0de92dadc821710873378 INFO: start
2015-12-28T21:01:34.205Z 18896 TID-pk7rg FeaturedListBuilder JID-aff0de92dadc821710873378 INFO: done: 26.339 sec
2015-12-28T21:02:00.102Z 18896 TID-pi5mk INFO: [Sidetiq] Enqueue: FeaturedListBuilder (at: 1451336580.0) (last: 1451336520.0)
2015-12-28T21:03:00.120Z 18896 TID-pi5mk INFO: [Sidetiq] Enqueue: FeaturedListBuilder (at: 1451336640.0) (last: 1451336580.0)
2015-12-28T21:04:00.148Z 18896 TID-pi5mk INFO: [Sidetiq] Enqueue: FeaturedListBuilder (at: 1451336700.0) (last: 1451336640.0)
2015-12-28T21:04:02.606Z 18896 TID-pk7rg FeaturedListBuilder JID-cd8c06918762be1f4d781eb1 INFO: start
2015-12-28T21:04:31.188Z 18896 TID-pk7rg FeaturedListBuilder JID-cd8c06918762be1f4d781eb1 INFO: done: 28.582 sec
2015-12-28T21:05:00.175Z 18896 TID-pi5mk INFO: [Sidetiq] Enqueue: FeaturedListBuilder (at: 1451336760.0) (last: 1451336700.0)
2015-12-28T21:05:03.717Z 18896 TID-pk7rg WARN: {"retry"=>true, "queue"=>"default", "class"=>"CalendarScaper", "args"=>[], "jid"=>"6e345c3c82aa38da01aecc53", "enqueued_at"=>1451336400.4035678}
2015-12-28T21:05:03.717Z 18896 TID-pk7rg WARN: uninitialized constant CalendarScaper
2015-12-28T21:05:03.717Z 18896 TID-pk7rg WARN: /home/itsatrap/.rvm/gems/ruby-2.2.0/gems/activesupport-4.1.8/lib/active_support/inflector/methods.rb:238:in `const_get'
/home/itsatrap/.rvm/gems/ruby-2.2.0/gems/activesupport-4.1.8/lib/active_support/inflector/methods.rb:238:in `block in constantize'
/home/itsatrap/.rvm/gems/ruby-2.2.0/gems/activesupport-4.1.8/lib/active_support/inflector/methods.rb:236:in `each'
/home/itsatrap/.rvm/gems/ruby-2.2.0/gems/activesupport-4.1.8/lib/active_support/inflector/methods.rb:236:in `inject'
/home/itsatrap/.rvm/gems/ruby-2.2.0/gems/activesupport-4.1.8/lib/active_support/inflector/methods.rb:236:in `constantize'
/home/itsatrap/.rvm/gems/ruby-2.2.0/gems/activesupport-4.1.8/lib/active_support/core_ext/string/inflections.rb:66:in `constantize'
/home/itsatrap/.rvm/gems/ruby-2.2.0/gems/sidekiq-3.3.0/lib/sidekiq/processor.rb:46:in `process'
/home/itsatrap/.rvm/gems/ruby-2.2.0/gems/celluloid-0.16.0/lib/celluloid/calls.rb:26:in `public_send'
/home/itsatrap/.rvm/gems/ruby-2.2.0/gems/celluloid-0.16.0/lib/celluloid/calls.rb:26:in `dispatch'
/home/itsatrap/.rvm/gems/ruby-2.2.0/gems/celluloid-0.16.0/lib/celluloid/calls.rb:122:in `dispatch'
/home/itsatrap/.rvm/gems/ruby-2.2.0/gems/celluloid-0.16.0/lib/celluloid/cell.rb:60:in `block in invoke'
/home/itsatrap/.rvm/gems/ruby-2.2.0/gems/celluloid-0.16.0/lib/celluloid/cell.rb:71:in `block in task'
/home/itsatrap/.rvm/gems/ruby-2.2.0/gems/celluloid-0.16.0/lib/celluloid/actor.rb:357:in `block in task'
/home/itsatrap/.rvm/gems/ruby-2.2.0/gems/celluloid-0.16.0/lib/celluloid/tasks.rb:57:in `block in initialize'
/home/itsatrap/.rvm/gems/ruby-2.2.0/gems/celluloid-0.16.0/lib/celluloid/tasks/task_fiber.rb:15:in `block in create'
2015-12-28T21:06:00.199Z 18896 TID-pi5mk INFO: [Sidetiq] Enqueue: FeaturedListBuilder (at: 1451336820.0) (last: 1451336760.0)
2015-12-28T21:06:34.809Z 18896 TID-91big INFO: Shutting down
2015-12-28T21:06:35.040Z 18896 TID-pgd4w INFO: Shutting down 25 quiet workers
2015-12-28T21:06:35.052Z 18896 TID-pia6g INFO: [Sidetiq] Sidetiq::Actor::Handler id: 42853440 shutting down ...
2015-12-28T21:06:35.052Z 18896 TID-pi5mk INFO: [Sidetiq] Sidetiq::Actor::Handler id: 42839740 shutting down ...
2015-12-28T21:06:35.053Z 18896 TID-pirms INFO: [Sidetiq] Sidetiq::Actor::Clock id: 42868160 shutting down ...
2015-12-28T21:06:42.657Z 20861 TID-9626w INFO: [Sidetiq] Sidetiq v0.6.1 - Copyright (c) 2012-2013, Tobias Svensson <tob@tobiassvensson.co.uk>
2015-12-28T21:06:42.658Z 20861 TID-9626w INFO: [Sidetiq] Sidetiq is covered by the 3-clause BSD license.
2015-12-28T21:06:42.658Z 20861 TID-9626w INFO: [Sidetiq] See LICENSE and http://opensource.org/licenses/BSD-3-Clause for licensing details.
2015-12-28T21:06:42.658Z 20861 TID-9626w INFO: [Sidetiq] Sidetiq::Supervisor start
2015-12-28T21:06:42.660Z 20861 TID-pnbn8 INFO: [Sidetiq] Sidetiq::Actor::Clock id: 43080960 initialize
2015-12-28T21:06:42.662Z 20861 TID-pmu8k INFO: [Sidetiq] Sidetiq::Actor::Handler id: 43066500 initialize
2015-12-28T21:06:42.663Z 20861 TID-pmp94 INFO: [Sidetiq] Sidetiq::Actor::Handler id: 43052020 initialize
2015-12-28T21:06:43.657Z 20861 TID-9626w INFO: Booting Sidekiq 3.3.0 with redis options {}
2015-12-28T21:06:43.670Z 20861 TID-pmu8k INFO: [Sidetiq] Enqueue: FeaturedListBuilder (at: 1451336830.0) (last: -1.0)
2015-12-28T21:06:44.000Z 20861 TID-9626w INFO: Running in ruby 2.2.0p0 (2014-12-25 revision 49005) [x86_64-linux]
2015-12-28T21:06:44.000Z 20861 TID-9626w INFO: See LICENSE and the LGPL-3.0 for licensing details.
2015-12-28T21:06:44.000Z 20861 TID-9626w INFO: Upgrade to Sidekiq Pro for more features and support: http://sidekiq.org/pro
2015-12-28T21:06:44.000Z 20861 TID-9626w INFO: Starting processing, hit Ctrl-C to stop
2015-12-28T21:07:09.702Z 20861 TID-toues FeaturedListBuilder JID-2278b1b83a9870853d7bba78 INFO: start
2015-12-28T21:07:10.676Z 20861 TID-pmp94 INFO: [Sidetiq] Enqueue: FeaturedListBuilder (at: 1451336890.0) (last: 1451336830.0)
2015-12-28T21:07:33.901Z 20861 TID-toues FeaturedListBuilder JID-2278b1b83a9870853d7bba78 INFO: done: 24.199 sec
2015-12-28T21:08:10.734Z 20861 TID-pmp94 INFO: [Sidetiq] Enqueue: FeaturedListBuilder (at: 1451336950.0) (last: 1451336890.0)
2015-12-28T21:09:10.760Z 20861 TID-pmp94 INFO: [Sidetiq] Enqueue: FeaturedListBuilder (at: 1451337010.0) (last: 1451336950.0)
2015-12-28T21:10:10.786Z 20861 TID-pmp94 INFO: [Sidetiq] Enqueue: FeaturedListBuilder (at: 1451337070.0) (last: 1451337010.0)
2015-12-28T21:10:16.725Z 20861 TID-toues FeaturedListBuilder JID-f1ee0d27f10971fd0b2f0f25 INFO: start
2015-12-28T21:10:42.894Z 20861 TID-toues FeaturedListBuilder JID-f1ee0d27f10971fd0b2f0f25 INFO: done: 26.169 sec
2015-12-28T21:11:10.824Z 20861 TID-pmp94 INFO: [Sidetiq] Enqueue: FeaturedListBuilder (at: 1451337130.0) (last: 1451337070.0)
2015-12-28T21:11:25.620Z 20861 TID-toues FeaturedListBuilder JID-4bf4918168de39182b6c7050 INFO: start
2015-12-28T21:11:49.155Z 20861 TID-toues FeaturedListBuilder JID-4bf4918168de39182b6c7050 INFO: done: 23.535 sec
2015-12-28T21:12:10.853Z 20861 TID-pmp94 INFO: [Sidetiq] Enqueue: FeaturedListBuilder (at: 1451337190.0) (last: 1451337130.0)
2015-12-28T21:13:10.887Z 20861 TID-pmp94 INFO: [Sidetiq] Enqueue: FeaturedListBuilder (at: 1451337250.0) (last: 1451337190.0)
2015-12-28T21:13:16.644Z 20861 TID-toues FeaturedListBuilder JID-448da8df612affe184c0e262 INFO: start
2015-12-28T21:13:41.494Z 20861 TID-toues FeaturedListBuilder JID-448da8df612affe184c0e262 INFO: done: 24.85 sec
2015-12-28T21:14:10.914Z 20861 TID-pmp94 INFO: [Sidetiq] Enqueue: FeaturedListBuilder (at: 1451337310.0) (last: 1451337250.0)
2015-12-28T21:15:10.054Z 20861 TID-pmu8k INFO: [Sidetiq] Enqueue: FeaturedListBuilder (at: 1451337370.0) (last: 1451337310.0)
2015-12-28T21:15:27.859Z 20861 TID-toues WARN: {"retry"=>true, "queue"=>"default", "class"=>"CalendarScaper", "args"=>[], "jid"=>"c93a849ac74e338d5df10268", "enqueued_at"=>1451337000.6994112}
2015-12-28T21:15:27.859Z 20861 TID-toues WARN: uninitialized constant CalendarScaper
2015-12-28T21:15:27.860Z 20861 TID-toues WARN: /home/itsatrap/.rvm/gems/ruby-2.2.0/gems/activesupport-4.1.8/lib/active_support/inflector/methods.rb:238:in `const_get'
/home/itsatrap/.rvm/gems/ruby-2.2.0/gems/activesupport-4.1.8/lib/active_support/inflector/methods.rb:238:in `block in constantize'
/home/itsatrap/.rvm/gems/ruby-2.2.0/gems/activesupport-4.1.8/lib/active_support/inflector/methods.rb:236:in `each'
/home/itsatrap/.rvm/gems/ruby-2.2.0/gems/activesupport-4.1.8/lib/active_support/inflector/methods.rb:236:in `inject'
/home/itsatrap/.rvm/gems/ruby-2.2.0/gems/activesupport-4.1.8/lib/active_support/inflector/methods.rb:236:in `constantize'
/home/itsatrap/.rvm/gems/ruby-2.2.0/gems/activesupport-4.1.8/lib/active_support/core_ext/string/inflections.rb:66:in `constantize'
/home/itsatrap/.rvm/gems/ruby-2.2.0/gems/sidekiq-3.3.0/lib/sidekiq/processor.rb:46:in `process'
/home/itsatrap/.rvm/gems/ruby-2.2.0/gems/celluloid-0.16.0/lib/celluloid/calls.rb:26:in `public_send'
/home/itsatrap/.rvm/gems/ruby-2.2.0/gems/celluloid-0.16.0/lib/celluloid/calls.rb:26:in `dispatch'
/home/itsatrap/.rvm/gems/ruby-2.2.0/gems/celluloid-0.16.0/lib/celluloid/calls.rb:122:in `dispatch'
/home/itsatrap/.rvm/gems/ruby-2.2.0/gems/celluloid-0.16.0/lib/celluloid/cell.rb:60:in `block in invoke'
/home/itsatrap/.rvm/gems/ruby-2.2.0/gems/celluloid-0.16.0/lib/celluloid/cell.rb:71:in `block in task'
/home/itsatrap/.rvm/gems/ruby-2.2.0/gems/celluloid-0.16.0/lib/celluloid/actor.rb:357:in `block in task'
/home/itsatrap/.rvm/gems/ruby-2.2.0/gems/celluloid-0.16.0/lib/celluloid/tasks.rb:57:in `block in initialize'
/home/itsatrap/.rvm/gems/ruby-2.2.0/gems/celluloid-0.16.0/lib/celluloid/tasks/task_fiber.rb:15:in `block in create'
2015-12-28T21:16:10.161Z 20861 TID-pmu8k INFO: [Sidetiq] Enqueue: FeaturedListBuilder (at: 1451337430.0) (last: 1451337370.0)
2015-12-28T21:16:20.122Z 20861 TID-toues FeaturedListBuilder JID-33c25156895f2c2c4606ee7f INFO: start
2015-12-28T21:16:43.813Z 20861 TID-toues FeaturedListBuilder JID-33c25156895f2c2c4606ee7f INFO: done: 23.69 sec
2015-12-28T21:17:10.196Z 20861 TID-pmu8k INFO: [Sidetiq] Enqueue: FeaturedListBuilder (at: 1451337490.0) (last: 1451337430.0)
2015-12-28T21:18:10.223Z 20861 TID-pmu8k INFO: [Sidetiq] Enqueue: FeaturedListBuilder (at: 1451337550.0) (last: 1451337490.0)
2015-12-28T21:18:21.395Z 20861 TID-toues FeaturedListBuilder JID-9194db67578dabd0b8e82e60 INFO: start
2015-12-28T21:18:42.901Z 20861 TID-toues FeaturedListBuilder JID-9194db67578dabd0b8e82e60 INFO: done: 21.505 sec
2015-12-28T21:19:10.248Z 20861 TID-pmu8k INFO: [Sidetiq] Enqueue: FeaturedListBuilder (at: 1451337610.0) (last: 1451337550.0)
2015-12-28T21:20:10.277Z 20861 TID-pmu8k INFO: [Sidetiq] Enqueue: FeaturedListBuilder (at: 1451337670.0) (last: 1451337610.0)
2015-12-28T21:20:18.680Z 20861 TID-toues FeaturedListBuilder JID-64f2df35c22c9c81d2846fc8 INFO: start
2015-12-28T21:20:48.264Z 20861 TID-toues FeaturedListBuilder JID-64f2df35c22c9c81d2846fc8 INFO: done: 29.583 sec
2015-12-28T21:21:10.305Z 20861 TID-pmu8k INFO: [Sidetiq] Enqueue: FeaturedListBuilder (at: 1451337730.0) (last: 1451337670.0)
2015-12-28T21:21:14.064Z 20861 TID-toues FeaturedListBuilder JID-259608f3db2db03aa2791069 INFO: start
2015-12-28T21:21:35.517Z 20861 TID-toues FeaturedListBuilder JID-259608f3db2db03aa2791069 INFO: done: 21.453 sec
2015-12-28T21:22:10.331Z 20861 TID-pmu8k INFO: [Sidetiq] Enqueue: FeaturedListBuilder (at: 1451337790.0) (last: 1451337730.0)
2015-12-28T21:22:12.838Z 20861 TID-toues FeaturedListBuilder JID-23fa914fa1106a8b43ad3ff2 INFO: start
2015-12-28T21:22:35.225Z 20861 TID-toues FeaturedListBuilder JID-23fa914fa1106a8b43ad3ff2 INFO: done: 22.387 sec
2015-12-28T21:23:10.404Z 20861 TID-pmu8k INFO: [Sidetiq] Enqueue: FeaturedListBuilder (at: 1451337850.0) (last: 1451337790.0)
2015-12-28T21:24:10.430Z 20861 TID-pmu8k INFO: [Sidetiq] Enqueue: FeaturedListBuilder (at: 1451337910.0) (last: 1451337850.0)
2015-12-28T21:24:12.002Z 20861 TID-toues FeaturedListBuilder JID-db5585c8fc5b2f0368618233 INFO: start
2015-12-28T21:24:34.984Z 20861 TID-toues FeaturedListBuilder JID-db5585c8fc5b2f0368618233 INFO: done: 22.982 sec
2015-12-28T21:25:10.455Z 20861 TID-pmu8k INFO: [Sidetiq] Enqueue: FeaturedListBuilder (at: 1451337970.0) (last: 1451337910.0)
2015-12-28T21:25:22.568Z 20861 TID-toues WARN: {"retry"=>true, "queue"=>"default", "class"=>"CalendarScaper", "args"=>[], "jid"=>"41e0d5518a0249e11656356e", "enqueued_at"=>1451337600.0632672}
2015-12-28T21:25:22.568Z 20861 TID-toues WARN: uninitialized constant CalendarScaper
2015-12-28T21:25:22.568Z 20861 TID-toues WARN: /home/itsatrap/.rvm/gems/ruby-2.2.0/gems/activesupport-4.1.8/lib/active_support/inflector/methods.rb:238:in `const_get'
/home/itsatrap/.rvm/gems/ruby-2.2.0/gems/activesupport-4.1.8/lib/active_support/inflector/methods.rb:238:in `block in constantize'
/home/itsatrap/.rvm/gems/ruby-2.2.0/gems/activesupport-4.1.8/lib/active_support/inflector/methods.rb:236:in `each'
/home/itsatrap/.rvm/gems/ruby-2.2.0/gems/activesupport-4.1.8/lib/active_support/inflector/methods.rb:236:in `inject'
/home/itsatrap/.rvm/gems/ruby-2.2.0/gems/activesupport-4.1.8/lib/active_support/inflector/methods.rb:236:in `constantize'
/home/itsatrap/.rvm/gems/ruby-2.2.0/gems/activesupport-4.1.8/lib/active_support/core_ext/string/inflections.rb:66:in `constantize'
/home/itsatrap/.rvm/gems/ruby-2.2.0/gems/sidekiq-3.3.0/lib/sidekiq/processor.rb:46:in `process'
/home/itsatrap/.rvm/gems/ruby-2.2.0/gems/celluloid-0.16.0/lib/celluloid/calls.rb:26:in `public_send'
/home/itsatrap/.rvm/gems/ruby-2.2.0/gems/celluloid-0.16.0/lib/celluloid/calls.rb:26:in `dispatch'
/home/itsatrap/.rvm/gems/ruby-2.2.0/gems/celluloid-0.16.0/lib/celluloid/calls.rb:122:in `dispatch'
/home/itsatrap/.rvm/gems/ruby-2.2.0/gems/celluloid-0.16.0/lib/celluloid/cell.rb:60:in `block in invoke'
/home/itsatrap/.rvm/gems/ruby-2.2.0/gems/celluloid-0.16.0/lib/celluloid/cell.rb:71:in `block in task'
/home/itsatrap/.rvm/gems/ruby-2.2.0/gems/celluloid-0.16.0/lib/celluloid/actor.rb:357:in `block in task'
/home/itsatrap/.rvm/gems/ruby-2.2.0/gems/celluloid-0.16.0/lib/celluloid/tasks.rb:57:in `block in initialize'
/home/itsatrap/.rvm/gems/ruby-2.2.0/gems/celluloid-0.16.0/lib/celluloid/tasks/task_fiber.rb:15:in `block in create'
2015-12-28T21:26:10.478Z 20861 TID-pmu8k INFO: [Sidetiq] Enqueue: FeaturedListBuilder (at: 1451338030.0) (last: 1451337970.0)
2015-12-28T21:27:10.501Z 20861 TID-pmu8k INFO: [Sidetiq] Enqueue: FeaturedListBuilder (at: 1451338090.0) (last: 1451338030.0)
2015-12-28T21:28:10.527Z 20861 TID-pmu8k INFO: [Sidetiq] Enqueue: FeaturedListBuilder (at: 1451338150.0) (last: 1451338090.0)
2015-12-28T21:29:10.555Z 20861 TID-pmu8k INFO: [Sidetiq] Enqueue: FeaturedListBuilder (at: 1451338210.0) (last: 1451338150.0)
2015-12-28T21:30:03.934Z 20861 TID-toues WARN: {"retry"=>true, "queue"=>"default", "class"=>"CalendarScaper", "args"=>[], "jid"=>"3c4e45a17207fb67071bf418", "enqueued_at"=>1451337900.2512474}
2015-12-28T21:30:03.934Z 20861 TID-toues WARN: uninitialized constant CalendarScaper
2015-12-28T21:30:03.934Z 20861 TID-toues WARN: /home/itsatrap/.rvm/gems/ruby-2.2.0/gems/activesupport-4.1.8/lib/active_support/inflector/methods.rb:238:in `const_get'
/home/itsatrap/.rvm/gems/ruby-2.2.0/gems/activesupport-4.1.8/lib/active_support/inflector/methods.rb:238:in `block in constantize'
/home/itsatrap/.rvm/gems/ruby-2.2.0/gems/activesupport-4.1.8/lib/active_support/inflector/methods.rb:236:in `each'
/home/itsatrap/.rvm/gems/ruby-2.2.0/gems/activesupport-4.1.8/lib/active_support/inflector/methods.rb:236:in `inject'
/home/itsatrap/.rvm/gems/ruby-2.2.0/gems/activesupport-4.1.8/lib/active_support/inflector/methods.rb:236:in `constantize'
/home/itsatrap/.rvm/gems/ruby-2.2.0/gems/activesupport-4.1.8/lib/active_support/core_ext/string/inflections.rb:66:in `constantize'
/home/itsatrap/.rvm/gems/ruby-2.2.0/gems/sidekiq-3.3.0/lib/sidekiq/processor.rb:46:in `process'
/home/itsatrap/.rvm/gems/ruby-2.2.0/gems/celluloid-0.16.0/lib/celluloid/calls.rb:26:in `public_send'
/home/itsatrap/.rvm/gems/ruby-2.2.0/gems/celluloid-0.16.0/lib/celluloid/calls.rb:26:in `dispatch'
/home/itsatrap/.rvm/gems/ruby-2.2.0/gems/celluloid-0.16.0/lib/celluloid/calls.rb:122:in `dispatch'
/home/itsatrap/.rvm/gems/ruby-2.2.0/gems/celluloid-0.16.0/lib/celluloid/cell.rb:60:in `block in invoke'
/home/itsatrap/.rvm/gems/ruby-2.2.0/gems/celluloid-0.16.0/lib/celluloid/cell.rb:71:in `block in task'
/home/itsatrap/.rvm/gems/ruby-2.2.0/gems/celluloid-0.16.0/lib/celluloid/actor.rb:357:in `block in task'
/home/itsatrap/.rvm/gems/ruby-2.2.0/gems/celluloid-0.16.0/lib/celluloid/tasks.rb:57:in `block in initialize'
/home/itsatrap/.rvm/gems/ruby-2.2.0/gems/celluloid-0.16.0/lib/celluloid/tasks/task_fiber.rb:15:in `block in create'
2015-12-28T21:30:10.587Z 20861 TID-pmu8k INFO: [Sidetiq] Enqueue: FeaturedListBuilder (at: 1451338270.0) (last: 1451338210.0)
2015-12-28T21:30:10.648Z 20861 TID-toues FeaturedListBuilder JID-becb268e1db76de9e9d2f203 INFO: start
2015-12-28T21:30:35.055Z 20861 TID-toues FeaturedListBuilder JID-becb268e1db76de9e9d2f203 INFO: done: 24.406 sec
2015-12-28T21:31:10.614Z 20861 TID-pmu8k INFO: [Sidetiq] Enqueue: FeaturedListBuilder (at: 1451338330.0) (last: 1451338270.0)
2015-12-28T21:32:10.640Z 20861 TID-pmu8k INFO: [Sidetiq] Enqueue: FeaturedListBuilder (at: 1451338390.0) (last: 1451338330.0)
2015-12-28T21:33:10.665Z 20861 TID-pmu8k INFO: [Sidetiq] Enqueue: FeaturedListBuilder (at: 1451338450.0) (last: 1451338390.0)
2015-12-28T21:34:10.692Z 20861 TID-pmu8k INFO: [Sidetiq] Enqueue: FeaturedListBuilder (at: 1451338510.0) (last: 1451338450.0)
2015-12-28T21:34:23.704Z 20861 TID-toues FeaturedListBuilder JID-9200a361fcdaa3ea8eaae440 INFO: start
2015-12-28T21:34:51.808Z 20861 TID-toues FeaturedListBuilder JID-9200a361fcdaa3ea8eaae440 INFO: done: 28.104 sec
2015-12-28T21:35:06.059Z 20861 TID-toues WARN: {"retry"=>true, "queue"=>"default", "class"=>"CalendarScaper", "args"=>[], "jid"=>"81b2f90fdf508376226fdc44", "enqueued_at"=>1451338200.3838875}
2015-12-28T21:35:06.059Z 20861 TID-toues WARN: uninitialized constant CalendarScaper
2015-12-28T21:35:06.060Z 20861 TID-toues WARN: /home/itsatrap/.rvm/gems/ruby-2.2.0/gems/activesupport-4.1.8/lib/active_support/inflector/methods.rb:238:in `const_get'
/home/itsatrap/.rvm/gems/ruby-2.2.0/gems/activesupport-4.1.8/lib/active_support/inflector/methods.rb:238:in `block in constantize'
/home/itsatrap/.rvm/gems/ruby-2.2.0/gems/activesupport-4.1.8/lib/active_support/inflector/methods.rb:236:in `each'
/home/itsatrap/.rvm/gems/ruby-2.2.0/gems/activesupport-4.1.8/lib/active_support/inflector/methods.rb:236:in `inject'
/home/itsatrap/.rvm/gems/ruby-2.2.0/gems/activesupport-4.1.8/lib/active_support/inflector/methods.rb:236:in `constantize'
/home/itsatrap/.rvm/gems/ruby-2.2.0/gems/activesupport-4.1.8/lib/active_support/core_ext/string/inflections.rb:66:in `constantize'
/home/itsatrap/.rvm/gems/ruby-2.2.0/gems/sidekiq-3.3.0/lib/sidekiq/processor.rb:46:in `process'
/home/itsatrap/.rvm/gems/ruby-2.2.0/gems/celluloid-0.16.0/lib/celluloid/calls.rb:26:in `public_send'
/home/itsatrap/.rvm/gems/ruby-2.2.0/gems/celluloid-0.16.0/lib/celluloid/calls.rb:26:in `dispatch'
/home/itsatrap/.rvm/gems/ruby-2.2.0/gems/celluloid-0.16.0/lib/celluloid/calls.rb:122:in `dispatch'
/home/itsatrap/.rvm/gems/ruby-2.2.0/gems/celluloid-0.16.0/lib/celluloid/cell.rb:60:in `block in invoke'
/home/itsatrap/.rvm/gems/ruby-2.2.0/gems/celluloid-0.16.0/lib/celluloid/cell.rb:71:in `block in task'
/home/itsatrap/.rvm/gems/ruby-2.2.0/gems/celluloid-0.16.0/lib/celluloid/actor.rb:357:in `block in task'
/home/itsatrap/.rvm/gems/ruby-2.2.0/gems/celluloid-0.16.0/lib/celluloid/tasks.rb:57:in `block in initialize'
/home/itsatrap/.rvm/gems/ruby-2.2.0/gems/celluloid-0.16.0/lib/celluloid/tasks/task_fiber.rb:15:in `block in create'
2015-12-28T21:35:10.718Z 20861 TID-pmu8k INFO: [Sidetiq] Enqueue: FeaturedListBuilder (at: 1451338570.0) (last: 1451338510.0)
2015-12-28T21:35:33.965Z 20861 TID-toues FeaturedListBuilder JID-5a12c9a7911364ca42ca1f45 INFO: start
2015-12-28T21:35:58.394Z 20861 TID-toues FeaturedListBuilder JID-5a12c9a7911364ca42ca1f45 INFO: done: 24.429 sec
2015-12-28T21:36:10.744Z 20861 TID-pmu8k INFO: [Sidetiq] Enqueue: FeaturedListBuilder (at: 1451338630.0) (last: 1451338570.0)
2015-12-28T21:37:10.769Z 20861 TID-pmu8k INFO: [Sidetiq] Enqueue: FeaturedListBuilder (at: 1451338690.0) (last: 1451338630.0)
2015-12-28T21:38:10.796Z 20861 TID-pmu8k INFO: [Sidetiq] Enqueue: FeaturedListBuilder (at: 1451338750.0) (last: 1451338690.0)
2015-12-28T21:39:10.824Z 20861 TID-pmu8k INFO: [Sidetiq] Enqueue: FeaturedListBuilder (at: 1451338810.0) (last: 1451338750.0)
2015-12-28T21:39:16.539Z 20861 TID-toues FeaturedListBuilder JID-9a7fb33c1b2e6742d1d1b29b INFO: start
2015-12-28T21:39:36.793Z 20861 TID-toues FeaturedListBuilder JID-9a7fb33c1b2e6742d1d1b29b INFO: done: 20.254 sec
2015-12-28T21:40:10.849Z 20861 TID-pmu8k INFO: [Sidetiq] Enqueue: FeaturedListBuilder (at: 1451338870.0) (last: 1451338810.0)
2015-12-28T21:40:16.330Z 20861 TID-toues FeaturedListBuilder JID-01685d534c8f63db4681a999 INFO: start
2015-12-28T21:40:41.635Z 20861 TID-toues FeaturedListBuilder JID-01685d534c8f63db4681a999 INFO: done: 25.305 sec
2015-12-28T21:41:10.596Z 20861 TID-toues FeaturedListBuilder JID-1d00db89eec2cb421d7476f4 INFO: start
2015-12-28T21:41:10.876Z 20861 TID-pmu8k INFO: [Sidetiq] Enqueue: FeaturedListBuilder (at: 1451338930.0) (last: 1451338870.0)
2015-12-28T21:41:34.738Z 20861 TID-toues FeaturedListBuilder JID-1d00db89eec2cb421d7476f4 INFO: done: 24.143 sec
2015-12-28T21:42:10.908Z 20861 TID-pmu8k INFO: [Sidetiq] Enqueue: FeaturedListBuilder (at: 1451338990.0) (last: 1451338930.0)
2015-12-28T21:43:10.937Z 20861 TID-pmu8k INFO: [Sidetiq] Enqueue: FeaturedListBuilder (at: 1451339050.0) (last: 1451338990.0)
2015-12-28T21:44:10.963Z 20861 TID-pmu8k INFO: [Sidetiq] Enqueue: FeaturedListBuilder (at: 1451339110.0) (last: 1451339050.0)
2015-12-28T21:45:10.993Z 20861 TID-pmu8k INFO: [Sidetiq] Enqueue: FeaturedListBuilder (at: 1451339170.0) (last: 1451339110.0)
2015-12-28T21:45:21.493Z 20861 TID-toues FeaturedListBuilder JID-325971add8bfa2c804d3c8c1 INFO: start
2015-12-28T21:45:44.043Z 20861 TID-toues FeaturedListBuilder JID-325971add8bfa2c804d3c8c1 INFO: done: 22.551 sec
2015-12-28T21:46:10.021Z 20861 TID-pmp94 INFO: [Sidetiq] Enqueue: FeaturedListBuilder (at: 1451339230.0) (last: 1451339170.0)
2015-12-28T21:46:19.614Z 20861 TID-toues FeaturedListBuilder JID-89e46b76c9be1be64de64e6a INFO: start
2015-12-28T21:46:43.917Z 20861 TID-toues FeaturedListBuilder JID-89e46b76c9be1be64de64e6a INFO: done: 24.303 sec
2015-12-28T21:47:10.054Z 20861 TID-pmp94 INFO: [Sidetiq] Enqueue: FeaturedListBuilder (at: 1451339290.0) (last: 1451339230.0)
2015-12-28T21:48:10.076Z 20861 TID-pmp94 INFO: [Sidetiq] Enqueue: FeaturedListBuilder (at: 1451339350.0) (last: 1451339290.0)
2015-12-28T21:48:18.382Z 20861 TID-toues FeaturedListBuilder JID-3f7fcdff57272c2f33406cda INFO: start
2015-12-28T21:48:39.005Z 20861 TID-toues FeaturedListBuilder JID-3f7fcdff57272c2f33406cda INFO: done: 20.623 sec
2015-12-28T21:49:10.113Z 20861 TID-pmp94 INFO: [Sidetiq] Enqueue: FeaturedListBuilder (at: 1451339410.0) (last: 1451339350.0)
2015-12-28T21:49:24.930Z 20861 TID-toues FeaturedListBuilder JID-47f9e6fcffbd56bbce805aea INFO: start
2015-12-28T21:49:49.032Z 20861 TID-toues FeaturedListBuilder JID-47f9e6fcffbd56bbce805aea INFO: done: 24.102 sec
2015-12-28T21:50:10.138Z 20861 TID-pmp94 INFO: [Sidetiq] Enqueue: FeaturedListBuilder (at: 1451339470.0) (last: 1451339410.0)
2015-12-28T21:50:22.069Z 20861 TID-toues WARN: {"retry"=>true, "queue"=>"default", "class"=>"CalendarScaper", "args"=>[], "jid"=>"c6d95342d3147b44eacf36c9", "enqueued_at"=>1451339100.810783}
2015-12-28T21:50:22.069Z 20861 TID-toues WARN: uninitialized constant CalendarScaper
2015-12-28T21:50:22.069Z 20861 TID-toues WARN: /home/itsatrap/.rvm/gems/ruby-2.2.0/gems/activesupport-4.1.8/lib/active_support/inflector/methods.rb:238:in `const_get'
/home/itsatrap/.rvm/gems/ruby-2.2.0/gems/activesupport-4.1.8/lib/active_support/inflector/methods.rb:238:in `block in constantize'
/home/itsatrap/.rvm/gems/ruby-2.2.0/gems/activesupport-4.1.8/lib/active_support/inflector/methods.rb:236:in `each'
/home/itsatrap/.rvm/gems/ruby-2.2.0/gems/activesupport-4.1.8/lib/active_support/inflector/methods.rb:236:in `inject'
/home/itsatrap/.rvm/gems/ruby-2.2.0/gems/activesupport-4.1.8/lib/active_support/inflector/methods.rb:236:in `constantize'
/home/itsatrap/.rvm/gems/ruby-2.2.0/gems/activesupport-4.1.8/lib/active_support/core_ext/string/inflections.rb:66:in `constantize'
/home/itsatrap/.rvm/gems/ruby-2.2.0/gems/sidekiq-3.3.0/lib/sidekiq/processor.rb:46:in `process'
/home/itsatrap/.rvm/gems/ruby-2.2.0/gems/celluloid-0.16.0/lib/celluloid/calls.rb:26:in `public_send'
/home/itsatrap/.rvm/gems/ruby-2.2.0/gems/celluloid-0.16.0/lib/celluloid/calls.rb:26:in `dispatch'
/home/itsatrap/.rvm/gems/ruby-2.2.0/gems/celluloid-0.16.0/lib/celluloid/calls.rb:122:in `dispatch'
/home/itsatrap/.rvm/gems/ruby-2.2.0/gems/celluloid-0.16.0/lib/celluloid/cell.rb:60:in `block in invoke'
/home/itsatrap/.rvm/gems/ruby-2.2.0/gems/celluloid-0.16.0/lib/celluloid/cell.rb:71:in `block in task'
/home/itsatrap/.rvm/gems/ruby-2.2.0/gems/celluloid-0.16.0/lib/celluloid/actor.rb:357:in `block in task'
/home/itsatrap/.rvm/gems/ruby-2.2.0/gems/celluloid-0.16.0/lib/celluloid/tasks.rb:57:in `block in initialize'
/home/itsatrap/.rvm/gems/ruby-2.2.0/gems/celluloid-0.16.0/lib/celluloid/tasks/task_fiber.rb:15:in `block in create'
2015-12-28T21:51:10.162Z 20861 TID-pmp94 INFO: [Sidetiq] Enqueue: FeaturedListBuilder (at: 1451339530.0) (last: 1451339470.0)
2015-12-28T21:52:10.184Z 20861 TID-pmp94 INFO: [Sidetiq] Enqueue: FeaturedListBuilder (at: 1451339590.0) (last: 1451339530.0)
2015-12-28T21:53:10.208Z 20861 TID-pmp94 INFO: [Sidetiq] Enqueue: FeaturedListBuilder (at: 1451339650.0) (last: 1451339590.0)
2015-12-28T21:53:10.896Z 20861 TID-9626w INFO: Shutting down
2015-12-28T21:53:12.067Z 20861 TID-pqvy4 INFO: Shutting down 25 quiet workers
2015-12-28T21:53:12.100Z 20861 TID-pmu8k INFO: [Sidetiq] Sidetiq::Actor::Handler id: 43066500 shutting down ...
2015-12-28T21:53:12.101Z 20861 TID-pnbn8 INFO: [Sidetiq] Sidetiq::Actor::Clock id: 43080960 shutting down ...
2015-12-28T21:53:12.103Z 20861 TID-pmp94 INFO: [Sidetiq] Sidetiq::Actor::Handler id: 43052020 shutting down ...
2015-12-31T16:56:41.303Z 23789 TID-axg24 INFO: [Sidetiq] Sidetiq v0.6.1 - Copyright (c) 2012-2013, Tobias Svensson <tob@tobiassvensson.co.uk>
2015-12-31T16:56:41.327Z 23789 TID-axg24 INFO: [Sidetiq] Sidetiq is covered by the 3-clause BSD license.
2015-12-31T16:56:41.327Z 23789 TID-axg24 INFO: [Sidetiq] See LICENSE and http://opensource.org/licenses/BSD-3-Clause for licensing details.
2015-12-31T16:56:41.328Z 23789 TID-axg24 INFO: [Sidetiq] Sidetiq::Supervisor start
2015-12-31T16:56:41.330Z 23789 TID-reve4 INFO: [Sidetiq] Sidetiq::Actor::Clock id: 46045640 initialize
2015-12-31T16:56:41.332Z 23789 TID-redw4 INFO: [Sidetiq] Sidetiq::Actor::Handler id: 46034540 initialize
2015-12-31T16:56:41.334Z 23789 TID-re9dc INFO: [Sidetiq] Sidetiq::Actor::Handler id: 46017180 initialize
2015-12-31T16:56:43.380Z 23789 TID-redw4 INFO: Booting Sidekiq 3.3.0 with redis options {}
2015-12-31T16:56:44.032Z 23789 TID-axg24 INFO: Running in ruby 2.2.0p0 (2014-12-25 revision 49005) [x86_64-linux]
2015-12-31T16:56:44.032Z 23789 TID-axg24 INFO: See LICENSE and the LGPL-3.0 for licensing details.
2015-12-31T16:56:44.032Z 23789 TID-axg24 INFO: Upgrade to Sidekiq Pro for more features and support: http://sidekiq.org/pro
2015-12-31T16:56:44.032Z 23789 TID-axg24 INFO: Starting processing, hit Ctrl-C to stop
2015-12-31T16:56:44.342Z 23789 TID-re9dc INFO: [Sidetiq] Enqueue: FeaturedListBuilder (at: 1451581200.0) (last: -1.0)
2015-12-31T17:00:00.423Z 23789 TID-re9dc INFO: [Sidetiq] Enqueue: FeaturedListBuilder (at: 1451581500.0) (last: 1451581200.0)
2015-12-31T17:00:02.603Z 23789 TID-rftf4 FeaturedListBuilder JID-7ca17a3c2cab5447a433c93a INFO: start
2015-12-31T17:00:02.637Z 23789 TID-rftf4 FeaturedListBuilder JID-7ca17a3c2cab5447a433c93a INFO: fail: 0.033 sec
2015-12-31T17:00:02.672Z 23789 TID-rftf4 WARN: {"retry"=>true, "queue"=>"default", "class"=>"FeaturedListBuilder", "args"=>[], "jid"=>"7ca17a3c2cab5447a433c93a", "enqueued_at"=>1451581004.3429508, "error_message"=>"uninitialized constant FeaturedListBuilder::ILSCATCHER3", "error_class"=>"NameError", "failed_at"=>1451581202.6360025, "retry_count"=>0}
2015-12-31T17:00:02.673Z 23789 TID-rftf4 WARN: uninitialized constant FeaturedListBuilder::ILSCATCHER3
2015-12-31T17:00:02.673Z 23789 TID-rftf4 WARN: /home/itsatrap/ilscatcher3/app/workers/featured_list_builder.rb:13:in `perform'
/home/itsatrap/.rvm/gems/ruby-2.2.0/gems/sidekiq-3.3.0/lib/sidekiq/processor.rb:75:in `execute_job'
/home/itsatrap/.rvm/gems/ruby-2.2.0/gems/sidekiq-3.3.0/lib/sidekiq/processor.rb:52:in `block (2 levels) in process'
/home/itsatrap/.rvm/gems/ruby-2.2.0/gems/sidekiq-3.3.0/lib/sidekiq/middleware/chain.rb:127:in `call'
/home/itsatrap/.rvm/gems/ruby-2.2.0/gems/sidekiq-3.3.0/lib/sidekiq/middleware/chain.rb:127:in `block in invoke'
/home/itsatrap/.rvm/gems/ruby-2.2.0/gems/sidetiq-0.6.1/lib/sidetiq/middleware/history.rb:17:in `call_with_sidetiq_history'
/home/itsatrap/.rvm/gems/ruby-2.2.0/gems/sidetiq-0.6.1/lib/sidetiq/middleware/history.rb:6:in `call'
/home/itsatrap/.rvm/gems/ruby-2.2.0/gems/sidekiq-3.3.0/lib/sidekiq/middleware/chain.rb:129:in `block in invoke'
/home/itsatrap/.rvm/gems/ruby-2.2.0/gems/sidekiq-3.3.0/lib/sidekiq/middleware/server/retry_jobs.rb:74:in `call'
/home/itsatrap/.rvm/gems/ruby-2.2.0/gems/sidekiq-3.3.0/lib/sidekiq/middleware/chain.rb:129:in `block in invoke'
/home/itsatrap/.rvm/gems/ruby-2.2.0/gems/sidekiq-3.3.0/lib/sidekiq/middleware/server/logging.rb:11:in `block in call'
/home/itsatrap/.rvm/gems/ruby-2.2.0/gems/sidekiq-3.3.0/lib/sidekiq/logging.rb:22:in `with_context'
/home/itsatrap/.rvm/gems/ruby-2.2.0/gems/sidekiq-3.3.0/lib/sidekiq/middleware/server/logging.rb:7:in `call'
/home/itsatrap/.rvm/gems/ruby-2.2.0/gems/sidekiq-3.3.0/lib/sidekiq/middleware/chain.rb:129:in `block in invoke'
/home/itsatrap/.rvm/gems/ruby-2.2.0/gems/sidekiq-3.3.0/lib/sidekiq/middleware/chain.rb:132:in `call'
/home/itsatrap/.rvm/gems/ruby-2.2.0/gems/sidekiq-3.3.0/lib/sidekiq/middleware/chain.rb:132:in `invoke'
/home/itsatrap/.rvm/gems/ruby-2.2.0/gems/sidekiq-3.3.0/lib/sidekiq/processor.rb:51:in `block in process'
/home/itsatrap/.rvm/gems/ruby-2.2.0/gems/sidekiq-3.3.0/lib/sidekiq/processor.rb:98:in `stats'
/home/itsatrap/.rvm/gems/ruby-2.2.0/gems/sidekiq-3.3.0/lib/sidekiq/processor.rb:50:in `process'
/home/itsatrap/.rvm/gems/ruby-2.2.0/gems/celluloid-0.16.0/lib/celluloid/calls.rb:26:in `public_send'
/home/itsatrap/.rvm/gems/ruby-2.2.0/gems/celluloid-0.16.0/lib/celluloid/calls.rb:26:in `dispatch'
/home/itsatrap/.rvm/gems/ruby-2.2.0/gems/celluloid-0.16.0/lib/celluloid/calls.rb:122:in `dispatch'
/home/itsatrap/.rvm/gems/ruby-2.2.0/gems/celluloid-0.16.0/lib/celluloid/cell.rb:60:in `block in invoke'
/home/itsatrap/.rvm/gems/ruby-2.2.0/gems/celluloid-0.16.0/lib/celluloid/cell.rb:71:in `block in task'
/home/itsatrap/.rvm/gems/ruby-2.2.0/gems/celluloid-0.16.0/lib/celluloid/actor.rb:357:in `block in task'
/home/itsatrap/.rvm/gems/ruby-2.2.0/gems/celluloid-0.16.0/lib/celluloid/tasks.rb:57:in `block in initialize'
/home/itsatrap/.rvm/gems/ruby-2.2.0/gems/celluloid-0.16.0/lib/celluloid/tasks/task_fiber.rb:15:in `block in create'
2015-12-31T17:01:39.648Z 23789 TID-axg24 INFO: Shutting down
2015-12-31T17:01:40.074Z 23789 TID-pt0jc INFO: Shutting down 25 quiet workers
2015-12-31T17:01:40.083Z 23789 TID-re9dc INFO: [Sidetiq] Sidetiq::Actor::Handler id: 46017180 shutting down ...
2015-12-31T17:01:40.084Z 23789 TID-redw4 INFO: [Sidetiq] Sidetiq::Actor::Handler id: 46034540 shutting down ...
2015-12-31T17:01:40.084Z 23789 TID-reve4 INFO: [Sidetiq] Sidetiq::Actor::Clock id: 46045640 shutting down ...
2015-12-31T17:01:49.945Z 23990 TID-72178 INFO: [Sidetiq] Sidetiq v0.6.1 - Copyright (c) 2012-2013, Tobias Svensson <tob@tobiassvensson.co.uk>
2015-12-31T17:01:49.945Z 23990 TID-72178 INFO: [Sidetiq] Sidetiq is covered by the 3-clause BSD license.
2015-12-31T17:01:49.945Z 23990 TID-72178 INFO: [Sidetiq] See LICENSE and http://opensource.org/licenses/BSD-3-Clause for licensing details.
2015-12-31T17:01:49.945Z 23990 TID-72178 INFO: [Sidetiq] Sidetiq::Supervisor start
2015-12-31T17:01:49.947Z 23990 TID-njg5w INFO: [Sidetiq] Sidetiq::Actor::Clock id: 39540740 initialize
2015-12-31T17:01:49.949Z 23990 TID-niynw INFO: [Sidetiq] Sidetiq::Actor::Handler id: 39518080 initialize
2015-12-31T17:01:49.950Z 23990 TID-niu54 INFO: [Sidetiq] Sidetiq::Actor::Handler id: 39512240 initialize
2015-12-31T17:01:51.642Z 23990 TID-72178 INFO: Booting Sidekiq 3.3.0 with redis options {}
2015-12-31T17:01:52.092Z 23990 TID-72178 INFO: Running in ruby 2.2.0p0 (2014-12-25 revision 49005) [x86_64-linux]
2015-12-31T17:01:52.092Z 23990 TID-72178 INFO: See LICENSE and the LGPL-3.0 for licensing details.
2015-12-31T17:01:52.092Z 23990 TID-72178 INFO: Upgrade to Sidekiq Pro for more features and support: http://sidekiq.org/pro
2015-12-31T17:01:52.092Z 23990 TID-72178 INFO: Starting processing, hit Ctrl-C to stop
2015-12-31T17:02:13.335Z 23990 TID-72178 INFO: Shutting down
2015-12-31T17:02:14.080Z 23990 TID-lvstg INFO: Shutting down 25 quiet workers
2015-12-31T17:02:14.092Z 23990 TID-niynw INFO: [Sidetiq] Sidetiq::Actor::Handler id: 39518080 shutting down ...
2015-12-31T17:02:14.093Z 23990 TID-niu54 INFO: [Sidetiq] Sidetiq::Actor::Handler id: 39512240 shutting down ...
2015-12-31T17:02:14.094Z 23990 TID-njg5w INFO: [Sidetiq] Sidetiq::Actor::Clock id: 39540740 shutting down ...
2015-12-31T17:02:17.350Z 24050 TID-aip3o INFO: [Sidetiq] Sidetiq v0.6.1 - Copyright (c) 2012-2013, Tobias Svensson <tob@tobiassvensson.co.uk>
2015-12-31T17:02:17.350Z 24050 TID-aip3o INFO: [Sidetiq] Sidetiq is covered by the 3-clause BSD license.
2015-12-31T17:02:17.350Z 24050 TID-aip3o INFO: [Sidetiq] See LICENSE and http://opensource.org/licenses/BSD-3-Clause for licensing details.
2015-12-31T17:02:17.350Z 24050 TID-aip3o INFO: [Sidetiq] Sidetiq::Supervisor start
2015-12-31T17:02:17.351Z 24050 TID-qzxxs INFO: [Sidetiq] Sidetiq::Actor::Clock id: 45349340 initialize
2015-12-31T17:02:17.352Z 24050 TID-qzgjo INFO: [Sidetiq] Sidetiq::Actor::Handler id: 45334960 initialize
2015-12-31T17:02:17.352Z 24050 TID-qzcwk INFO: [Sidetiq] Sidetiq::Actor::Handler id: 45320420 initialize
2015-12-31T17:02:17.760Z 24050 TID-aip3o INFO: Booting Sidekiq 3.3.0 with redis options {}
2015-12-31T17:02:17.885Z 24050 TID-aip3o INFO: Running in ruby 2.2.0p0 (2014-12-25 revision 49005) [x86_64-linux]
2015-12-31T17:02:17.885Z 24050 TID-aip3o INFO: See LICENSE and the LGPL-3.0 for licensing details.
2015-12-31T17:02:17.885Z 24050 TID-aip3o INFO: Upgrade to Sidekiq Pro for more features and support: http://sidekiq.org/pro
2015-12-31T17:02:17.885Z 24050 TID-aip3o INFO: Starting processing, hit Ctrl-C to stop
2015-12-31T17:04:51.287Z 24050 TID-aip3o INFO: Shutting down
2015-12-31T17:04:53.027Z 24050 TID-pfpog INFO: Shutting down 25 quiet workers
2015-12-31T17:04:53.035Z 24050 TID-qzcwk INFO: [Sidetiq] Sidetiq::Actor::Handler id: 45320420 shutting down ...
2015-12-31T17:04:53.035Z 24050 TID-qzgjo INFO: [Sidetiq] Sidetiq::Actor::Handler id: 45334960 shutting down ...
2015-12-31T17:04:53.036Z 24050 TID-qzxxs INFO: [Sidetiq] Sidetiq::Actor::Clock id: 45349340 shutting down ...
